<?xml version="1.0" encoding="UTF-8"?>
<!-- Generated by org.testng.reporters.JUnitReportReporter -->
<testsuite hostname="LAPTOP-TJ90QNAB" name="basicTest.BasicTest" tests="1" failures="0" timestamp="1 May 2018 18:07:45 GMT" time="0.636" errors="0">
  <testcase name="verifysum" time="0.636" classname="basicTest.BasicTest"/>
</testsuite> <!-- basicTest.BasicTest -->
